Handling lib "core"...
Handling lib "rpc-ws"...
Handling lib "homekit-adk"...
Handling lib "rpc-service-config"...
Handling lib "rpc-service-fs"...
Handling lib "wifi"...
Handling lib "rpc-uart"...
Handling lib "http-server"...
Handling lib "rpc-service-ota"...
Handling lib "mbedtls"...
Handling lib "mongoose"...
Handling lib "ota-http-server"...
mongoose: Checking out 2.17.0...
core: Checking out 2.17.0...
rpc-ws: Checking out 2.17.0...
rpc-service-ota: Checking out 2.17.0...
ota-http-server: Checking out 2.17.0...
wifi: Checking out 2.17.0...
rpc-service-config: Checking out 2.17.0...
wifi: Done, hash 851f55fda6d1b873284d5c4847bec3f13bcc638f
rpc-ws: Done, hash e8e507f4a91eb96a0c664fa33319b2e4f0ed89b2
ota-http-server: Done, hash 6a4130f33dcde4940c079aef9c734d869df62f3b
wifi: Hash unchanged at 851f55fda6d1b873284d5c4847bec3f13bcc638f (dir "/data/fwbuild-volumes/2.17.0/apps/switch1pm/esp8266/build_contexts/build_ctx_780968662/deps/wifi")
wifi: Prepared local dir: "/data/fwbuild-volumes/2.17.0/apps/switch1pm/esp8266/build_contexts/build_ctx_780968662/deps/wifi"
rpc-service-ota: Done, hash 136c3e34bf6a831e5fc00e1d59f90fe475445987
core: Done, hash c7359ef09e0f75bd693d88672ba9665b84d0e46a
rpc-ws: Hash unchanged at e8e507f4a91eb96a0c664fa33319b2e4f0ed89b2 (dir "/data/fwbuild-volumes/2.17.0/apps/switch1pm/esp8266/build_contexts/build_ctx_780968662/deps/rpc-ws")
rpc-ws: Prepared local dir: "/data/fwbuild-volumes/2.17.0/apps/switch1pm/esp8266/build_contexts/build_ctx_780968662/deps/rpc-ws"
mongoose: Done, hash 08dafbf084c7c25207f28b00948df04b0c218844
core: Hash unchanged at c7359ef09e0f75bd693d88672ba9665b84d0e46a (dir "/data/fwbuild-volumes/2.17.0/apps/switch1pm/esp8266/build_contexts/build_ctx_780968662/deps/core")
core: Prepared local dir: "/data/fwbuild-volumes/2.17.0/apps/switch1pm/esp8266/build_contexts/build_ctx_780968662/deps/core"
mongoose: Hash unchanged at 08dafbf084c7c25207f28b00948df04b0c218844 (dir "/data/fwbuild-volumes/2.17.0/apps/switch1pm/esp8266/build_contexts/build_ctx_780968662/deps/mongoose")
mongoose: Prepared local dir: "/data/fwbuild-volumes/2.17.0/apps/switch1pm/esp8266/build_contexts/build_ctx_780968662/deps/mongoose"
rpc-service-ota: Hash unchanged at 136c3e34bf6a831e5fc00e1d59f90fe475445987 (dir "/data/fwbuild-volumes/2.17.0/apps/switch1pm/esp8266/build_contexts/build_ctx_780968662/deps/rpc-service-ota")
ota-http-server: Hash unchanged at 6a4130f33dcde4940c079aef9c734d869df62f3b (dir "/data/fwbuild-volumes/2.17.0/apps/switch1pm/esp8266/build_contexts/build_ctx_780968662/deps/ota-http-server")
rpc-service-ota: Prepared local dir: "/data/fwbuild-volumes/2.17.0/apps/switch1pm/esp8266/build_contexts/build_ctx_780968662/deps/rpc-service-ota"
ota-http-server: Prepared local dir: "/data/fwbuild-volumes/2.17.0/apps/switch1pm/esp8266/build_contexts/build_ctx_780968662/deps/ota-http-server"
rpc-service-fs: Checking out 2.17.0...
rpc-service-config: Done, hash b30e187977d8dafcb4297cff60e036855a7ff531
rpc-service-config: Hash unchanged at b30e187977d8dafcb4297cff60e036855a7ff531 (dir "/data/fwbuild-volumes/2.17.0/apps/switch1pm/esp8266/build_contexts/build_ctx_780968662/deps/rpc-service-config")
rpc-service-config: Prepared local dir: "/data/fwbuild-volumes/2.17.0/apps/switch1pm/esp8266/build_contexts/build_ctx_780968662/deps/rpc-service-config"
rpc-service-fs: Done, hash 7edeecacec8ed276aa83485ae8879219dfface29
rpc-service-fs: Hash unchanged at 7edeecacec8ed276aa83485ae8879219dfface29 (dir "/data/fwbuild-volumes/2.17.0/apps/switch1pm/esp8266/build_contexts/build_ctx_780968662/deps/rpc-service-fs")
rpc-service-fs: Prepared local dir: "/data/fwbuild-volumes/2.17.0/apps/switch1pm/esp8266/build_contexts/build_ctx_780968662/deps/rpc-service-fs"
rpc-uart: Checking out 2.17.0...
http-server: Checking out 2.17.0...
http-server: Done, hash 0d04893ce2f8c594e4e13b570edf8a9af132746e
rpc-uart: Done, hash 4c68e5d7b3eecb19ccc6128f111a118384ed20b4
http-server: Hash unchanged at 0d04893ce2f8c594e4e13b570edf8a9af132746e (dir "/data/fwbuild-volumes/2.17.0/apps/switch1pm/esp8266/build_contexts/build_ctx_780968662/deps/http-server")
http-server: Prepared local dir: "/data/fwbuild-volumes/2.17.0/apps/switch1pm/esp8266/build_contexts/build_ctx_780968662/deps/http-server"
rpc-uart: Hash unchanged at 4c68e5d7b3eecb19ccc6128f111a118384ed20b4 (dir "/data/fwbuild-volumes/2.17.0/apps/switch1pm/esp8266/build_contexts/build_ctx_780968662/deps/rpc-uart")
rpc-uart: Prepared local dir: "/data/fwbuild-volumes/2.17.0/apps/switch1pm/esp8266/build_contexts/build_ctx_780968662/deps/rpc-uart"
homekit-adk: Checking out 2.17.0...
mbedtls: Checking out 2.17.0...
homekit-adk: Done, hash aa38b49abbdacbf0e0dae510f2465015d3f4bb0a
homekit-adk: Hash unchanged at aa38b49abbdacbf0e0dae510f2465015d3f4bb0a (dir "/data/fwbuild-volumes/2.17.0/apps/switch1pm/esp8266/build_contexts/build_ctx_780968662/deps/homekit-adk")
homekit-adk: Prepared local dir: "/data/fwbuild-volumes/2.17.0/apps/switch1pm/esp8266/build_contexts/build_ctx_780968662/deps/homekit-adk"
mbedtls: Done, hash ec0fd0c129ce35edb64ec45f512a42e76ef64623
mbedtls: Hash unchanged at ec0fd0c129ce35edb64ec45f512a42e76ef64623 (dir "/data/fwbuild-volumes/2.17.0/apps/switch1pm/esp8266/build_contexts/build_ctx_780968662/deps/mbedtls")
mbedtls: Prepared local dir: "/data/fwbuild-volumes/2.17.0/apps/switch1pm/esp8266/build_contexts/build_ctx_780968662/deps/mbedtls"
Handling lib "rpc-common"...
rpc-common: Checking out 2.17.0...
rpc-common: Done, hash 7f1fa52a0ee6ac88bd344691086f176c7fc448a9
rpc-common: Hash unchanged at 7f1fa52a0ee6ac88bd344691086f176c7fc448a9 (dir "/data/fwbuild-volumes/2.17.0/apps/switch1pm/esp8266/build_contexts/build_ctx_780968662/deps/rpc-common")
rpc-common: Prepared local dir: "/data/fwbuild-volumes/2.17.0/apps/switch1pm/esp8266/build_contexts/build_ctx_780968662/deps/rpc-common"
Handling lib "vfs-common"...
vfs-common: Checking out 2.17.0...
vfs-common: Done, hash 6e0af5a5e886b051160c9948218c7419c662e1e3
vfs-common: Hash unchanged at 6e0af5a5e886b051160c9948218c7419c662e1e3 (dir "/data/fwbuild-volumes/2.17.0/apps/switch1pm/esp8266/build_contexts/build_ctx_780968662/deps/vfs-common")
vfs-common: Prepared local dir: "/data/fwbuild-volumes/2.17.0/apps/switch1pm/esp8266/build_contexts/build_ctx_780968662/deps/vfs-common"
Handling lib "ota-common"...
Handling lib "ota-http-client"...
ota-common: Checking out 2.17.0...
ota-common: Done, hash 8a552a23da06f8d9e9e50b0c2c46680c8a875c30
ota-common: Hash unchanged at 8a552a23da06f8d9e9e50b0c2c46680c8a875c30 (dir "/data/fwbuild-volumes/2.17.0/apps/switch1pm/esp8266/build_contexts/build_ctx_780968662/deps/ota-common")
ota-common: Prepared local dir: "/data/fwbuild-volumes/2.17.0/apps/switch1pm/esp8266/build_contexts/build_ctx_780968662/deps/ota-common"
ota-http-client: Checking out 2.17.0...
ota-http-client: Done, hash e2f9fcfcae9e6efb24e6de6b42af6dd483dd675b
ota-http-client: Hash unchanged at e2f9fcfcae9e6efb24e6de6b42af6dd483dd675b (dir "/data/fwbuild-volumes/2.17.0/apps/switch1pm/esp8266/build_contexts/build_ctx_780968662/deps/ota-http-client")
ota-http-client: Prepared local dir: "/data/fwbuild-volumes/2.17.0/apps/switch1pm/esp8266/build_contexts/build_ctx_780968662/deps/ota-http-client"
Handling lib "dns-sd"...
dns-sd: Checking out 2.17.0...
dns-sd: Done, hash 6c4bd3988f1589db65626d6de897068ad24e65ce
dns-sd: Hash unchanged at 6c4bd3988f1589db65626d6de897068ad24e65ce (dir "/data/fwbuild-volumes/2.17.0/apps/switch1pm/esp8266/build_contexts/build_ctx_780968662/deps/dns-sd")
dns-sd: Prepared local dir: "/data/fwbuild-volumes/2.17.0/apps/switch1pm/esp8266/build_contexts/build_ctx_780968662/deps/dns-sd"
Handling lib "vfs-dev-part"...
Handling lib "vfs-fs-lfs"...
Handling lib "vfs-fs-spiffs"...
vfs-fs-spiffs: Checking out 2.17.0...
vfs-fs-lfs: Checking out 2.17.0...
vfs-fs-spiffs: Done, hash 12850caac96f1ea6278d21a661d93a11228de4c3
vfs-fs-spiffs: Hash unchanged at 12850caac96f1ea6278d21a661d93a11228de4c3 (dir "/data/fwbuild-volumes/2.17.0/apps/switch1pm/esp8266/build_contexts/build_ctx_780968662/deps/vfs-fs-spiffs")
vfs-fs-spiffs: Prepared local dir: "/data/fwbuild-volumes/2.17.0/apps/switch1pm/esp8266/build_contexts/build_ctx_780968662/deps/vfs-fs-spiffs"
vfs-dev-part: Checking out 2.17.0...
vfs-fs-lfs: Done, hash c62bb1e71eadacda195ae550b767bca4d3452c6a
vfs-fs-lfs: Hash unchanged at c62bb1e71eadacda195ae550b767bca4d3452c6a (dir "/data/fwbuild-volumes/2.17.0/apps/switch1pm/esp8266/build_contexts/build_ctx_780968662/deps/vfs-fs-lfs")
vfs-fs-lfs: Prepared local dir: "/data/fwbuild-volumes/2.17.0/apps/switch1pm/esp8266/build_contexts/build_ctx_780968662/deps/vfs-fs-lfs"
vfs-dev-part: Done, hash 94426df449f807e4268e1d1a3ee5146da85902da
vfs-dev-part: Hash unchanged at 94426df449f807e4268e1d1a3ee5146da85902da (dir "/data/fwbuild-volumes/2.17.0/apps/switch1pm/esp8266/build_contexts/build_ctx_780968662/deps/vfs-dev-part")
vfs-dev-part: Prepared local dir: "/data/fwbuild-volumes/2.17.0/apps/switch1pm/esp8266/build_contexts/build_ctx_780968662/deps/vfs-dev-part"
The flag --repo is not given, going to use mongoose-os repository
mongoose-os: Checking out 2.17.0...
mongoose-os: Done, hash c31a7453f6754f80acab6b1b229fc097bf411f37
Prebuilt binary for "mbedtls" already exists at "/data/fwbuild-volumes/2.17.0/apps/switch1pm/esp8266/build_contexts/build_ctx_780968662/build/objs/libmbedtls-esp8266-noatca-2.17.0.a"
Prebuilt binary for "mongoose" already exists at "/data/fwbuild-volumes/2.17.0/apps/switch1pm/esp8266/build_contexts/build_ctx_780968662/build/objs/libmongoose-esp8266-nossl-2.17.0.a"
Prebuilt binary for "ota-common" already exists at "/data/fwbuild-volumes/2.17.0/apps/switch1pm/esp8266/build_contexts/build_ctx_780968662/build/objs/libota-common-esp8266-2.17.0.a"
Prebuilt binary for "ota-http-client" already exists at "/data/fwbuild-volumes/2.17.0/apps/switch1pm/esp8266/build_contexts/build_ctx_780968662/build/objs/libota-http-client-esp8266-2.17.0.a"
Prebuilt binary for "ota-http-server" already exists at "/data/fwbuild-volumes/2.17.0/apps/switch1pm/esp8266/build_contexts/build_ctx_780968662/build/objs/libota-http-server-esp8266-2.17.0.a"
Prebuilt binary for "rpc-service-ota" already exists at "/data/fwbuild-volumes/2.17.0/apps/switch1pm/esp8266/build_contexts/build_ctx_780968662/build/objs/librpc-service-ota-esp8266-2.17.0.a"
Sources: [/data/fwbuild-volumes/2.17.0/apps/switch1pm/esp8266/build_contexts/build_ctx_780968662/src/shelly_main.c /data/fwbuild-volumes/2.17.0/apps/switch1pm/esp8266/build_contexts/build_ctx_780968662/src/shelly_sw_service.c /data/fwbuild-volumes/2.17.0/apps/switch1pm/esp8266/build_contexts/build_ctx_780968662/build/gen/mgos_deps_init.c /data/fwbuild-volumes/2.17.0/apps/switch1pm/esp8266/build_contexts/build_ctx_780968662/deps/vfs-common/src/mgos_vfs.c /data/fwbuild-volumes/2.17.0/apps/switch1pm/esp8266/build_contexts/build_ctx_780968662/deps/vfs-common/src/mgos_vfs_dev.c /data/fwbuild-volumes/2.17.0/apps/switch1pm/esp8266/build_contexts/build_ctx_780968662/deps/vfs-common/src/mgos_vfs_internal.c /data/fwbuild-volumes/2.17.0/apps/switch1pm/esp8266/build_contexts/build_ctx_780968662/deps/vfs-common/src/esp8266/esp_flash_writer.c /data/fwbuild-volumes/2.17.0/apps/switch1pm/esp8266/build_contexts/build_ctx_780968662/deps/vfs-common/src/esp8266/esp_fs.c /data/fwbuild-volumes/2.17.0/apps/switch1pm/esp8266/build_contexts/build_ctx_780968662/deps/vfs-common/src/esp8266/esp_vfs_dev_sysflash.c /data/fwbuild-volumes/2.17.0/apps/switch1pm/esp8266/build_contexts/build_ctx_780968662/deps/vfs-dev-part/src/mgos_vfs_dev_part.c /data/fwbuild-volumes/2.17.0/apps/switch1pm/esp8266/build_contexts/build_ctx_780968662/deps/vfs-fs-lfs/src/mgos_vfs_lfs.c /data/fwbuild-volumes/2.17.0/apps/switch1pm/esp8266/build_contexts/build_ctx_780968662/deps/vfs-fs-lfs/littlefs/lfs.c /data/fwbuild-volumes/2.17.0/apps/switch1pm/esp8266/build_contexts/build_ctx_780968662/deps/vfs-fs-lfs/littlefs/lfs_util.c /data/fwbuild-volumes/2.17.0/apps/switch1pm/esp8266/build_contexts/build_ctx_780968662/deps/vfs-fs-lfs/littlefs1/lfs1.c /data/fwbuild-volumes/2.17.0/apps/switch1pm/esp8266/build_contexts/build_ctx_780968662/deps/vfs-fs-lfs/littlefs1/lfs1_util.c /data/fwbuild-volumes/2.17.0/apps/switch1pm/esp8266/build_contexts/build_ctx_780968662/deps/vfs-fs-spiffs/src/mgos_vfs_fs_spiffs.c /data/fwbuild-volumes/2.17.0/apps/switch1pm/esp8266/build_contexts/build_ctx_780968662/deps/vfs-fs-spiffs/src/spiffs/spiffs_cache.c /data/fwbuild-volumes/2.17.0/apps/switch1pm/esp8266/build_contexts/build_ctx_780968662/deps/vfs-fs-spiffs/src/spiffs/spiffs_check.c /data/fwbuild-volumes/2.17.0/apps/switch1pm/esp8266/build_contexts/build_ctx_780968662/deps/vfs-fs-spiffs/src/spiffs/spiffs_gc.c /data/fwbuild-volumes/2.17.0/apps/switch1pm/esp8266/build_contexts/build_ctx_780968662/deps/vfs-fs-spiffs/src/spiffs/spiffs_hydrogen.c /data/fwbuild-volumes/2.17.0/apps/switch1pm/esp8266/build_contexts/build_ctx_780968662/deps/vfs-fs-spiffs/src/spiffs/spiffs_nucleus.c /data/fwbuild-volumes/2.17.0/apps/switch1pm/esp8266/build_contexts/build_ctx_780968662/deps/core/src/mgos_core.c /data/fwbuild-volumes/2.17.0/apps/switch1pm/esp8266/build_contexts/build_ctx_780968662/deps/core/src/esp8266/esp_rboot.c /data/fwbuild-volumes/2.17.0/apps/switch1pm/esp8266/build_contexts/build_ctx_780968662/deps/dns-sd/src/lwip/lwip_mdns.c /data/fwbuild-volumes/2.17.0/apps/switch1pm/esp8266/build_contexts/build_ctx_780968662/deps/dns-sd/src/mongoose/mgos_dns_sd.c /data/fwbuild-volumes/2.17.0/apps/switch1pm/esp8266/build_contexts/build_ctx_780968662/deps/dns-sd/src/mongoose/mgos_mdns.c /data/fwbuild-volumes/2.17.0/apps/switch1pm/esp8266/build_contexts/build_ctx_780968662/deps/homekit-adk/HomeKitADK/HAP/HAPAccessory+Info.c /data/fwbuild-volumes/2.17.0/apps/switch1pm/esp8266/build_contexts/build_ctx_780968662/deps/homekit-adk/HomeKitADK/HAP/HAPAccessoryServer+Reset.c /data/fwbuild-volumes/2.17.0/apps/switch1pm/esp8266/build_contexts/build_ctx_780968662/deps/homekit-adk/HomeKitADK/HAP/HAPAccessoryServer.c /data/fwbuild-volumes/2.17.0/apps/switch1pm/esp8266/build_contexts/build_ctx_780968662/deps/homekit-adk/HomeKitADK/HAP/HAPAccessorySetup.c /data/fwbuild-volumes/2.17.0/apps/switch1pm/esp8266/build_contexts/build_ctx_780968662/deps/homekit-adk/HomeKitADK/HAP/HAPAccessorySetupInfo.c /data/fwbuild-volumes/2.17.0/apps/switch1pm/esp8266/build_contexts/build_ctx_780968662/deps/homekit-adk/HomeKitADK/HAP/HAPAccessoryValidation.c /data/fwbuild-volumes/2.17.0/apps/switch1pm/esp8266/build_contexts/build_ctx_780968662/deps/homekit-adk/HomeKitADK/HAP/HAPBLEAccessoryServer+Advertising.c /data/fwbuild-volumes/2.17.0/apps/switch1pm/esp8266/build_contexts/build_ctx_780968662/deps/homekit-adk/HomeKitADK/HAP/HAPBLEAccessoryServer+Broadcast.c /data/fwbuild-volumes/2.17.0/apps/switch1pm/esp8266/build_contexts/build_ctx_780968662/deps/homekit-adk/HomeKitADK/HAP/HAPBLEAccessoryServer.c /data/fwbuild-volumes/2.17.0/apps/switch1pm/esp8266/build_contexts/build_ctx_780968662/deps/homekit-adk/HomeKitADK/HAP/HAPBLECharacteristic+Broadcast.c /data/fwbuild-volumes/2.17.0/apps/switch1pm/esp8266/build_contexts/build_ctx_780968662/deps/homekit-adk/HomeKitADK/HAP/HAPBLECharacteristic+Configuration.c /data/fwbuild-volumes/2.17.0/apps/switch1pm/esp8266/build_contexts/build_ctx_780968662/deps/homekit-adk/HomeKitADK/HAP/HAPBLECharacteristic+Signature.c /data/fwbuild-volumes/2.17.0/apps/switch1pm/esp8266/build_contexts/build_ctx_780968662/deps/homekit-adk/HomeKitADK/HAP/HAPBLECharacteristic.c /data/fwbuild-volumes/2.17.0/apps/switch1pm/esp8266/build_contexts/build_ctx_780968662/deps/homekit-adk/HomeKitADK/HAP/HAPBLECharacteristicParseAndWriteValue.c /data/fwbuild-volumes/2.17.0/apps/switch1pm/esp8266/build_contexts/build_ctx_780968662/deps/homekit-adk/HomeKitADK/HAP/HAPBLECharacteristicReadAndSerializeValue.c /data/fwbuild-volumes/2.17.0/apps/switch1pm/esp8266/build_contexts/build_ctx_780968662/deps/homekit-adk/HomeKitADK/HAP/HAPBLEPDU+TLV.c /data/fwbuild-volumes/2.17.0/apps/switch1pm/esp8266/build_contexts/build_ctx_780968662/deps/homekit-adk/HomeKitADK/HAP/HAPBLEPDU.c /data/fwbuild-volumes/2.17.0/apps/switch1pm/esp8266/build_contexts/build_ctx_780968662/deps/homekit-adk/HomeKitADK/HAP/HAPBLEPeripheralManager.c /data/fwbuild-volumes/2.17.0/apps/switch1pm/esp8266/build_contexts/build_ctx_780968662/deps/homekit-adk/HomeKitADK/HAP/HAPBLEProcedure.c /data/fwbuild-volumes/2.17.0/apps/switch1pm/esp8266/build_contexts/build_ctx_780968662/deps/homekit-adk/HomeKitADK/HAP/HAPBLEProtocol+Configuration.c /data/fwbuild-volumes/2.17.0/apps/switch1pm/esp8266/build_contexts/build_ctx_780968662/deps/homekit-adk/HomeKitADK/HAP/HAPBLEService+Signature.c /data/fwbuild-volumes/2.17.0/apps/switch1pm/esp8266/build_contexts/build_ctx_780968662/deps/homekit-adk/HomeKitADK/HAP/HAPBLESession.c /data/fwbuild-volumes/2.17.0/apps/switch1pm/esp8266/build_contexts/build_ctx_780968662/deps/homekit-adk/HomeKitADK/HAP/HAPBLETransaction.c /data/fwbuild-volumes/2.17.0/apps/switch1pm/esp8266/build_contexts/build_ctx_780968662/deps/homekit-adk/HomeKitADK/HAP/HAPBitSet.c /data/fwbuild-volumes/2.17.0/apps/switch1pm/esp8266/build_contexts/build_ctx_780968662/deps/homekit-adk/HomeKitADK/HAP/HAPCharacteristic.c /data/fwbuild-volumes/2.17.0/apps/switch1pm/esp8266/build_contexts/build_ctx_780968662/deps/homekit-adk/HomeKitADK/HAP/HAPCharacteristicTypes.c /data/fwbuild-volumes/2.17.0/apps/switch1pm/esp8266/build_contexts/build_ctx_780968662/deps/homekit-adk/HomeKitADK/HAP/HAPDeviceID.c /data/fwbuild-volumes/2.17.0/apps/switch1pm/esp8266/build_contexts/build_ctx_780968662/deps/homekit-adk/HomeKitADK/HAP/HAPIP+ByteBuffer.c /data/fwbuild-volumes/2.17.0/apps/switch1pm/esp8266/build_contexts/build_ctx_780968662/deps/homekit-adk/HomeKitADK/HAP/HAPIPAccessory.c /data/fwbuild-volumes/2.17.0/apps/switch1pm/esp8266/build_contexts/build_ctx_780968662/deps/homekit-adk/HomeKitADK/HAP/HAPIPAccessoryProtocol.c /data/fwbuild-volumes/2.17.0/apps/switch1pm/esp8266/build_contexts/build_ctx_780968662/deps/homekit-adk/HomeKitADK/HAP/HAPIPAccessoryServer.c /data/fwbuild-volumes/2.17.0/apps/switch1pm/esp8266/build_contexts/build_ctx_780968662/deps/homekit-adk/HomeKitADK/HAP/HAPIPCharacteristic.c /data/fwbuild-volumes/2.17.0/apps/switch1pm/esp8266/build_contexts/build_ctx_780968662/deps/homekit-adk/HomeKitADK/HAP/HAPIPSecurityProtocol.c /data/fwbuild-volumes/2.17.0/apps/switch1pm/esp8266/build_contexts/build_ctx_780968662/deps/homekit-adk/HomeKitADK/HAP/HAPIPServiceDiscovery.c /data/fwbuild-volumes/2.17.0/apps/switch1pm/esp8266/build_contexts/build_ctx_780968662/deps/homekit-adk/HomeKitADK/HAP/HAPJSONUtils.c /data/fwbuild-volumes/2.17.0/apps/switch1pm/esp8266/build_contexts/build_ctx_780968662/deps/homekit-adk/HomeKitADK/HAP/HAPLegacyImport.c /data/fwbuild-volumes/2.17.0/apps/switch1pm/esp8266/build_contexts/build_ctx_780968662/deps/homekit-adk/HomeKitADK/HAP/HAPMACAddress.c /data/fwbuild-volumes/2.17.0/apps/switch1pm/esp8266/build_contexts/build_ctx_780968662/deps/homekit-adk/HomeKitADK/HAP/HAPMFiHWAuth.c /data/fwbuild-volumes/2.17.0/apps/switch1pm/esp8266/build_contexts/build_ctx_780968662/deps/homekit-adk/HomeKitADK/HAP/HAPMFiTokenAuth.c /data/fwbuild-volumes/2.17.0/apps/switch1pm/esp8266/build_contexts/build_ctx_780968662/deps/homekit-adk/HomeKitADK/HAP/HAPPDU.c /data/fwbuild-volumes/2.17.0/apps/switch1pm/esp8266/build_contexts/build_ctx_780968662/deps/homekit-adk/HomeKitADK/HAP/HAPPairing.c /data/fwbuild-volumes/2.17.0/apps/switch1pm/esp8266/build_contexts/build_ctx_780968662/deps/homekit-adk/HomeKitADK/HAP/HAPPairingBLESessionCache.c /data/fwbuild-volumes/2.17.0/apps/switch1pm/esp8266/build_contexts/build_ctx_780968662/deps/homekit-adk/HomeKitADK/HAP/HAPPairingPairSetup.c /data/fwbuild-volumes/2.17.0/apps/switch1pm/esp8266/build_contexts/build_ctx_780968662/deps/homekit-adk/HomeKitADK/HAP/HAPPairingPairVerify.c /data/fwbuild-volumes/2.17.0/apps/switch1pm/esp8266/build_contexts/build_ctx_780968662/deps/homekit-adk/HomeKitADK/HAP/HAPPairingPairings.c /data/fwbuild-volumes/2.17.0/apps/switch1pm/esp8266/build_contexts/build_ctx_780968662/deps/homekit-adk/HomeKitADK/HAP/HAPRequestHandlers+AccessoryInformation.c /data/fwbuild-volumes/2.17.0/apps/switch1pm/esp8266/build_contexts/build_ctx_780968662/deps/homekit-adk/HomeKitADK/HAP/HAPRequestHandlers+HAPProtocolInformation.c /data/fwbuild-volumes/2.17.0/apps/switch1pm/esp8266/build_contexts/build_ctx_780968662/deps/homekit-adk/HomeKitADK/HAP/HAPRequestHandlers+Pairing.c /data/fwbuild-volumes/2.17.0/apps/switch1pm/esp8266/build_contexts/build_ctx_780968662/deps/homekit-adk/HomeKitADK/HAP/HAPRequestHandlers.c /data/fwbuild-volumes/2.17.0/apps/switch1pm/esp8266/build_contexts/build_ctx_780968662/deps/homekit-adk/HomeKitADK/HAP/HAPServiceTypes.c /data/fwbuild-volumes/2.17.0/apps/switch1pm/esp8266/build_contexts/build_ctx_780968662/deps/homekit-adk/HomeKitADK/HAP/HAPSession.c /data/fwbuild-volumes/2.17.0/apps/switch1pm/esp8266/build_contexts/build_ctx_780968662/deps/homekit-adk/HomeKitADK/HAP/HAPStringBuilder.c /data/fwbuild-volumes/2.17.0/apps/switch1pm/esp8266/build_contexts/build_ctx_780968662/deps/homekit-adk/HomeKitADK/HAP/HAPTLV.c /data/fwbuild-volumes/2.17.0/apps/switch1pm/esp8266/build_contexts/build_ctx_780968662/deps/homekit-adk/HomeKitADK/HAP/HAPTLVMemory.c /data/fwbuild-volumes/2.17.0/apps/switch1pm/esp8266/build_contexts/build_ctx_780968662/deps/homekit-adk/HomeKitADK/HAP/HAPTLVReader.c /data/fwbuild-volumes/2.17.0/apps/switch1pm/esp8266/build_contexts/build_ctx_780968662/deps/homekit-adk/HomeKitADK/HAP/HAPTLVWriter.c /data/fwbuild-volumes/2.17.0/apps/switch1pm/esp8266/build_contexts/build_ctx_780968662/deps/homekit-adk/HomeKitADK/HAP/HAPUUID.c /data/fwbuild-volumes/2.17.0/apps/switch1pm/esp8266/build_contexts/build_ctx_780968662/deps/homekit-adk/HomeKitADK/HAP/HAPVersion.c /data/fwbuild-volumes/2.17.0/apps/switch1pm/esp8266/build_contexts/build_ctx_780968662/deps/homekit-adk/HomeKitADK/PAL/HAPAssert.c /data/fwbuild-volumes/2.17.0/apps/switch1pm/esp8266/build_contexts/build_ctx_780968662/deps/homekit-adk/HomeKitADK/PAL/HAPBase+Crypto.c /data/fwbuild-volumes/2.17.0/apps/switch1pm/esp8266/build_contexts/build_ctx_780968662/deps/homekit-adk/HomeKitADK/PAL/HAPBase+Double.c /data/fwbuild-volumes/2.17.0/apps/switch1pm/esp8266/build_contexts/build_ctx_780968662/deps/homekit-adk/HomeKitADK/PAL/HAPBase+Float.c /data/fwbuild-volumes/2.17.0/apps/switch1pm/esp8266/build_contexts/build_ctx_780968662/deps/homekit-adk/HomeKitADK/PAL/HAPBase+Int.c /data/fwbuild-volumes/2.17.0/apps/switch1pm/esp8266/build_contexts/build_ctx_780968662/deps/homekit-adk/HomeKitADK/PAL/HAPBase+MACAddress.c /data/fwbuild-volumes/2.17.0/apps/switch1pm/esp8266/build_contexts/build_ctx_780968662/deps/homekit-adk/HomeKitADK/PAL/HAPBase+RawBuffer.c /data/fwbuild-volumes/2.17.0/apps/switch1pm/esp8266/build_contexts/build_ctx_780968662/deps/homekit-adk/HomeKitADK/PAL/HAPBase+Sha1Checksum.c /data/fwbuild-volumes/2.17.0/apps/switch1pm/esp8266/build_contexts/build_ctx_780968662/deps/homekit-adk/HomeKitADK/PAL/HAPBase+String.c /data/fwbuild-volumes/2.17.0/apps/switch1pm/esp8266/build_contexts/build_ctx_780968662/deps/homekit-adk/HomeKitADK/PAL/HAPBase+UTF8.c /data/fwbuild-volumes/2.17.0/apps/switch1pm/esp8266/build_contexts/build_ctx_780968662/deps/homekit-adk/HomeKitADK/PAL/HAPLog.c /data/fwbuild-volumes/2.17.0/apps/switch1pm/esp8266/build_contexts/build_ctx_780968662/deps/homekit-adk/HomeKitADK/PAL/HAPPlatformSystemInit.c /data/fwbuild-volumes/2.17.0/apps/switch1pm/esp8266/build_contexts/build_ctx_780968662/deps/homekit-adk/HomeKitADK/PAL/Crypto/MbedTLS/HAPMbedTLS.c /data/fwbuild-volumes/2.17.0/apps/switch1pm/esp8266/build_contexts/build_ctx_780968662/deps/homekit-adk/HomeKitADK/External/Base64/util_base64.c /data/fwbuild-volumes/2.17.0/apps/switch1pm/esp8266/build_contexts/build_ctx_780968662/deps/homekit-adk/HomeKitADK/External/HTTP/util_http_reader.c /data/fwbuild-volumes/2.17.0/apps/switch1pm/esp8266/build_contexts/build_ctx_780968662/deps/homekit-adk/HomeKitADK/External/JSON/util_json_reader.c /data/fwbuild-volumes/2.17.0/apps/switch1pm/esp8266/build_contexts/build_ctx_780968662/deps/homekit-adk/src/mgos_homekit_adk.c /data/fwbuild-volumes/2.17.0/apps/switch1pm/esp8266/build_contexts/build_ctx_780968662/deps/homekit-adk/src/mgos_homekit_adk_db.c /data/fwbuild-volumes/2.17.0/apps/switch1pm/esp8266/build_contexts/build_ctx_780968662/deps/homekit-adk/src/mgos_homekit_adk_rpc_service.c /data/fwbuild-volumes/2.17.0/apps/switch1pm/esp8266/build_contexts/build_ctx_780968662/deps/homekit-adk/src/PAL/HAPPlatform.c /data/fwbuild-volumes/2.17.0/apps/switch1pm/esp8266/build_contexts/build_ctx_780968662/deps/homekit-adk/src/PAL/HAPPlatformAbort.c /data/fwbuild-volumes/2.17.0/apps/switch1pm/esp8266/build_contexts/build_ctx_780968662/deps/homekit-adk/src/PAL/HAPPlatformAccessorySetup.c /data/fwbuild-volumes/2.17.0/apps/switch1pm/esp8266/build_contexts/build_ctx_780968662/deps/homekit-adk/src/PAL/HAPPlatformBLEPeripheralManager.c /data/fwbuild-volumes/2.17.0/apps/switch1pm/esp8266/build_contexts/build_ctx_780968662/deps/homekit-adk/src/PAL/HAPPlatformClock.c /data/fwbuild-volumes/2.17.0/apps/switch1pm/esp8266/build_contexts/build_ctx_780968662/deps/homekit-adk/src/PAL/HAPPlatformLog.c /data/fwbuild-volumes/2.17.0/apps/switch1pm/esp8266/build_contexts/build_ctx_780968662/deps/homekit-adk/src/PAL/HAPPlatformMFiHWAuth.c /data/fwbuild-volumes/2.17.0/apps/switch1pm/esp8266/build_contexts/build_ctx_780968662/deps/homekit-adk/src/PAL/HAPPlatformMFiTokenAuth.c /data/fwbuild-volumes/2.17.0/apps/switch1pm/esp8266/build_contexts/build_ctx_780968662/deps/homekit-adk/src/PAL/HAPPlatformRandomNumber.c /data/fwbuild-volumes/2.17.0/apps/switch1pm/esp8266/build_contexts/build_ctx_780968662/deps/homekit-adk/src/PAL/HAPPlatformServiceDiscovery.c /data/fwbuild-volumes/2.17.0/apps/switch1pm/esp8266/build_contexts/build_ctx_780968662/deps/homekit-adk/src/PAL/HAPPlatformTCPStreamManager.c /data/fwbuild-volumes/2.17.0/apps/switch1pm/esp8266/build_contexts/build_ctx_780968662/deps/homekit-adk/src/PAL/HAPPlatformTimer.c /data/fwbuild-volumes/2.17.0/apps/switch1pm/esp8266/build_contexts/build_ctx_780968662/deps/homekit-adk/src/PAL/HAPPlatformKeyValueStore.cpp /data/fwbuild-volumes/2.17.0/apps/switch1pm/esp8266/build_contexts/build_ctx_780968662/deps/http-server/src/mgos_http_server.c /data/fwbuild-volumes/2.17.0/apps/switch1pm/esp8266/build_contexts/build_ctx_780968662/deps/rpc-common/src/mg_rpc.c /data/fwbuild-volumes/2.17.0/apps/switch1pm/esp8266/build_contexts/build_ctx_780968662/deps/rpc-common/src/mg_rpc_channel.c /data/fwbuild-volumes/2.17.0/apps/switch1pm/esp8266/build_contexts/build_ctx_780968662/deps/rpc-common/src/mg_rpc_channel_http.c /data/fwbuild-volumes/2.17.0/apps/switch1pm/esp8266/build_contexts/build_ctx_780968662/deps/rpc-common/src/mgos_rpc.c /data/fwbuild-volumes/2.17.0/apps/switch1pm/esp8266/build_contexts/build_ctx_780968662/deps/rpc-service-config/src/mgos_service_config.c /data/fwbuild-volumes/2.17.0/apps/switch1pm/esp8266/build_contexts/build_ctx_780968662/deps/rpc-service-fs/src/mgos_service_fs.c /data/fwbuild-volumes/2.17.0/apps/switch1pm/esp8266/build_contexts/build_ctx_780968662/deps/rpc-uart/src/mgos_rpc_channel_uart.c /data/fwbuild-volumes/2.17.0/apps/switch1pm/esp8266/build_contexts/build_ctx_780968662/deps/rpc-ws/src/mgos_rpc_channel_ws.c /data/fwbuild-volumes/2.17.0/apps/switch1pm/esp8266/build_contexts/build_ctx_780968662/deps/rpc-ws/src/mgos_rpc_ws.c /data/fwbuild-volumes/2.17.0/apps/switch1pm/esp8266/build_contexts/build_ctx_780968662/deps/wifi/src/mgos_wifi.c /data/fwbuild-volumes/2.17.0/apps/switch1pm/esp8266/build_contexts/build_ctx_780968662/deps/wifi/src/mjs_wifi.c /data/fwbuild-volumes/2.17.0/apps/switch1pm/esp8266/build_contexts/build_ctx_780968662/deps/wifi/src/esp8266/esp_wifi.c]
Include dirs: [/data/fwbuild-volumes/2.17.0/apps/switch1pm/esp8266/build_contexts/build_ctx_780968662/deps/mbedtls/include /data/fwbuild-volumes/2.17.0/apps/switch1pm/esp8266/build_contexts/build_ctx_780968662/deps/mbedtls/include/esp8266 /data/fwbuild-volumes/2.17.0/apps/switch1pm/esp8266/build_contexts/build_ctx_780968662/deps/mbedtls/mbedtls/include /data/fwbuild-volumes/2.17.0/apps/switch1pm/esp8266/build_contexts/build_ctx_780968662/deps/vfs-common/include /data/fwbuild-volumes/2.17.0/apps/switch1pm/esp8266/build_contexts/build_ctx_780968662/deps/vfs-common/include/esp8266 /data/fwbuild-volumes/2.17.0/apps/switch1pm/esp8266/build_contexts/build_ctx_780968662/deps/mongoose/include /data/fwbuild-volumes/2.17.0/apps/switch1pm/esp8266/build_contexts/build_ctx_780968662/deps/vfs-dev-part/include /data/fwbuild-volumes/2.17.0/apps/switch1pm/esp8266/build_contexts/build_ctx_780968662/deps/vfs-fs-lfs/include /data/fwbuild-volumes/2.17.0/apps/switch1pm/esp8266/build_contexts/build_ctx_780968662/deps/vfs-fs-lfs/littlefs /data/fwbuild-volumes/2.17.0/apps/switch1pm/esp8266/build_contexts/build_ctx_780968662/deps/vfs-fs-lfs/littlefs1 /data/fwbuild-volumes/2.17.0/apps/switch1pm/esp8266/build_contexts/build_ctx_780968662/deps/vfs-fs-spiffs/include /data/fwbuild-volumes/2.17.0/apps/switch1pm/esp8266/build_contexts/build_ctx_780968662/deps/vfs-fs-spiffs/include/spiffs /data/fwbuild-volumes/2.17.0/apps/switch1pm/esp8266/build_contexts/build_ctx_780968662/deps/vfs-fs-spiffs/include/esp8266 /data/fwbuild-volumes/2.17.0/apps/switch1pm/esp8266/build_contexts/build_ctx_780968662/deps/core/include /data/fwbuild-volumes/2.17.0/apps/switch1pm/esp8266/build_contexts/build_ctx_780968662/deps/core/include/esp8266 /data/fwbuild-volumes/2.17.0/apps/switch1pm/esp8266/build_contexts/build_ctx_780968662/deps/dns-sd/include /data/fwbuild-volumes/2.17.0/apps/switch1pm/esp8266/build_contexts/build_ctx_780968662/deps/homekit-adk/include /data/fwbuild-volumes/2.17.0/apps/switch1pm/esp8266/build_contexts/build_ctx_780968662/deps/homekit-adk/HomeKitADK/HAP /data/fwbuild-volumes/2.17.0/apps/switch1pm/esp8266/build_contexts/build_ctx_780968662/deps/http-server/include /data/fwbuild-volumes/2.17.0/apps/switch1pm/esp8266/build_contexts/build_ctx_780968662/deps/ota-common/src /data/fwbuild-volumes/2.17.0/apps/switch1pm/esp8266/build_contexts/build_ctx_780968662/deps/ota-common/include /data/fwbuild-volumes/2.17.0/apps/switch1pm/esp8266/build_contexts/build_ctx_780968662/deps/ota-common/include/esp8266 /data/fwbuild-volumes/2.17.0/apps/switch1pm/esp8266/build_contexts/build_ctx_780968662/deps/ota-http-client/include /data/fwbuild-volumes/2.17.0/apps/switch1pm/esp8266/build_contexts/build_ctx_780968662/deps/rpc-common/include /data/fwbuild-volumes/2.17.0/apps/switch1pm/esp8266/build_contexts/build_ctx_780968662/deps/rpc-service-config/include /data/fwbuild-volumes/2.17.0/apps/switch1pm/esp8266/build_contexts/build_ctx_780968662/deps/rpc-service-fs/include /data/fwbuild-volumes/2.17.0/apps/switch1pm/esp8266/build_contexts/build_ctx_780968662/deps/rpc-service-ota/include /data/fwbuild-volumes/2.17.0/apps/switch1pm/esp8266/build_contexts/build_ctx_780968662/deps/rpc-uart/include /data/fwbuild-volumes/2.17.0/apps/switch1pm/esp8266/build_contexts/build_ctx_780968662/deps/rpc-ws/include /data/fwbuild-volumes/2.17.0/apps/switch1pm/esp8266/build_contexts/build_ctx_780968662/deps/wifi/include /data/fwbuild-volumes/2.17.0/apps/switch1pm/esp8266/build_contexts/build_ctx_780968662/deps/wifi/include/esp8266]
Binary libs: [/data/fwbuild-volumes/2.17.0/apps/switch1pm/esp8266/build_contexts/build_ctx_780968662/build/objs/libmbedtls-esp8266-noatca-2.17.0.a /data/fwbuild-volumes/2.17.0/apps/switch1pm/esp8266/build_contexts/build_ctx_780968662/build/objs/libmongoose-esp8266-nossl-2.17.0.a /data/fwbuild-volumes/2.17.0/apps/switch1pm/esp8266/build_contexts/build_ctx_780968662/build/objs/libota-common-esp8266-2.17.0.a /data/fwbuild-volumes/2.17.0/apps/switch1pm/esp8266/build_contexts/build_ctx_780968662/build/objs/libota-http-client-esp8266-2.17.0.a /data/fwbuild-volumes/2.17.0/apps/switch1pm/esp8266/build_contexts/build_ctx_780968662/build/objs/libota-http-server-esp8266-2.17.0.a /data/fwbuild-volumes/2.17.0/apps/switch1pm/esp8266/build_contexts/build_ctx_780968662/build/objs/librpc-service-ota-esp8266-2.17.0.a]
Building...
mount from "/data/fwbuild-volumes/2.17.0/apps/switch1pm/esp8266/build_contexts/build_ctx_780968662" to "/app"
mount from "/data/fwbuild-volumes/2.17.0/apps/switch1pm/esp8266/build_contexts/build_ctx_780968662/deps/modules/mongoose-os" to "/mongoose-os"
mount from "/data/fwbuild-volumes/2.17.0/apps/switch1pm/esp8266/build_contexts/build_ctx_780968662/deps/modules/mongoose-os" to "/data/fwbuild-volumes/2.17.0/apps/switch1pm/esp8266/build_contexts/build_ctx_780968662/deps/modules/mongoose-os"
mount from "/data/fwbuild-volumes/2.17.0/apps/switch1pm/esp8266/build_contexts/build_ctx_780968662/build" to "/data/fwbuild-volumes/2.17.0/apps/switch1pm/esp8266/build_contexts/build_ctx_780968662/build"
mount from "/data/fwbuild-volumes/2.17.0/apps/switch1pm/esp8266/build_contexts/build_ctx_780968662/src" to "/data/fwbuild-volumes/2.17.0/apps/switch1pm/esp8266/build_contexts/build_ctx_780968662/src"
mount from "/data/fwbuild-volumes/2.17.0/apps/switch1pm/esp8266/build_contexts/build_ctx_780968662/build/gen" to "/data/fwbuild-volumes/2.17.0/apps/switch1pm/esp8266/build_contexts/build_ctx_780968662/build/gen"
mount from "/data/fwbuild-volumes/2.17.0/apps/switch1pm/esp8266/build_contexts/build_ctx_780968662/deps/vfs-common/src" to "/data/fwbuild-volumes/2.17.0/apps/switch1pm/esp8266/build_contexts/build_ctx_780968662/deps/vfs-common/src"
mount from "/data/fwbuild-volumes/2.17.0/apps/switch1pm/esp8266/build_contexts/build_ctx_780968662/deps/vfs-common/src/esp8266" to "/data/fwbuild-volumes/2.17.0/apps/switch1pm/esp8266/build_contexts/build_ctx_780968662/deps/vfs-common/src/esp8266"
mount from "/data/fwbuild-volumes/2.17.0/apps/switch1pm/esp8266/build_contexts/build_ctx_780968662/deps/vfs-dev-part/src" to "/data/fwbuild-volumes/2.17.0/apps/switch1pm/esp8266/build_contexts/build_ctx_780968662/deps/vfs-dev-part/src"
mount from "/data/fwbuild-volumes/2.17.0/apps/switch1pm/esp8266/build_contexts/build_ctx_780968662/deps/vfs-fs-lfs/src" to "/data/fwbuild-volumes/2.17.0/apps/switch1pm/esp8266/build_contexts/build_ctx_780968662/deps/vfs-fs-lfs/src"
mount from "/data/fwbuild-volumes/2.17.0/apps/switch1pm/esp8266/build_contexts/build_ctx_780968662/deps/vfs-fs-lfs/littlefs" to "/data/fwbuild-volumes/2.17.0/apps/switch1pm/esp8266/build_contexts/build_ctx_780968662/deps/vfs-fs-lfs/littlefs"
mount from "/data/fwbuild-volumes/2.17.0/apps/switch1pm/esp8266/build_contexts/build_ctx_780968662/deps/vfs-fs-lfs/littlefs1" to "/data/fwbuild-volumes/2.17.0/apps/switch1pm/esp8266/build_contexts/build_ctx_780968662/deps/vfs-fs-lfs/littlefs1"
mount from "/data/fwbuild-volumes/2.17.0/apps/switch1pm/esp8266/build_contexts/build_ctx_780968662/deps/vfs-fs-spiffs/src" to "/data/fwbuild-volumes/2.17.0/apps/switch1pm/esp8266/build_contexts/build_ctx_780968662/deps/vfs-fs-spiffs/src"
mount from "/data/fwbuild-volumes/2.17.0/apps/switch1pm/esp8266/build_contexts/build_ctx_780968662/deps/vfs-fs-spiffs/src/spiffs" to "/data/fwbuild-volumes/2.17.0/apps/switch1pm/esp8266/build_contexts/build_ctx_780968662/deps/vfs-fs-spiffs/src/spiffs"
mount from "/data/fwbuild-volumes/2.17.0/apps/switch1pm/esp8266/build_contexts/build_ctx_780968662/deps/core/src" to "/data/fwbuild-volumes/2.17.0/apps/switch1pm/esp8266/build_contexts/build_ctx_780968662/deps/core/src"
mount from "/data/fwbuild-volumes/2.17.0/apps/switch1pm/esp8266/build_contexts/build_ctx_780968662/deps/core/src/esp8266" to "/data/fwbuild-volumes/2.17.0/apps/switch1pm/esp8266/build_contexts/build_ctx_780968662/deps/core/src/esp8266"
mount from "/data/fwbuild-volumes/2.17.0/apps/switch1pm/esp8266/build_contexts/build_ctx_780968662/deps/dns-sd/src/lwip" to "/data/fwbuild-volumes/2.17.0/apps/switch1pm/esp8266/build_contexts/build_ctx_780968662/deps/dns-sd/src/lwip"
mount from "/data/fwbuild-volumes/2.17.0/apps/switch1pm/esp8266/build_contexts/build_ctx_780968662/deps/dns-sd/src/mongoose" to "/data/fwbuild-volumes/2.17.0/apps/switch1pm/esp8266/build_contexts/build_ctx_780968662/deps/dns-sd/src/mongoose"
mount from "/data/fwbuild-volumes/2.17.0/apps/switch1pm/esp8266/build_contexts/build_ctx_780968662/deps/homekit-adk/HomeKitADK/HAP" to "/data/fwbuild-volumes/2.17.0/apps/switch1pm/esp8266/build_contexts/build_ctx_780968662/deps/homekit-adk/HomeKitADK/HAP"
mount from "/data/fwbuild-volumes/2.17.0/apps/switch1pm/esp8266/build_contexts/build_ctx_780968662/deps/homekit-adk/HomeKitADK/PAL" to "/data/fwbuild-volumes/2.17.0/apps/switch1pm/esp8266/build_contexts/build_ctx_780968662/deps/homekit-adk/HomeKitADK/PAL"
mount from "/data/fwbuild-volumes/2.17.0/apps/switch1pm/esp8266/build_contexts/build_ctx_780968662/deps/homekit-adk/HomeKitADK/PAL/Crypto/MbedTLS" to "/data/fwbuild-volumes/2.17.0/apps/switch1pm/esp8266/build_contexts/build_ctx_780968662/deps/homekit-adk/HomeKitADK/PAL/Crypto/MbedTLS"
mount from "/data/fwbuild-volumes/2.17.0/apps/switch1pm/esp8266/build_contexts/build_ctx_780968662/deps/homekit-adk/HomeKitADK/External/Base64" to "/data/fwbuild-volumes/2.17.0/apps/switch1pm/esp8266/build_contexts/build_ctx_780968662/deps/homekit-adk/HomeKitADK/External/Base64"
mount from "/data/fwbuild-volumes/2.17.0/apps/switch1pm/esp8266/build_contexts/build_ctx_780968662/deps/homekit-adk/HomeKitADK/External/HTTP" to "/data/fwbuild-volumes/2.17.0/apps/switch1pm/esp8266/build_contexts/build_ctx_780968662/deps/homekit-adk/HomeKitADK/External/HTTP"
mount from "/data/fwbuild-volumes/2.17.0/apps/switch1pm/esp8266/build_contexts/build_ctx_780968662/deps/homekit-adk/HomeKitADK/External/JSON" to "/data/fwbuild-volumes/2.17.0/apps/switch1pm/esp8266/build_contexts/build_ctx_780968662/deps/homekit-adk/HomeKitADK/External/JSON"
mount from "/data/fwbuild-volumes/2.17.0/apps/switch1pm/esp8266/build_contexts/build_ctx_780968662/deps/homekit-adk/src" to "/data/fwbuild-volumes/2.17.0/apps/switch1pm/esp8266/build_contexts/build_ctx_780968662/deps/homekit-adk/src"
mount from "/data/fwbuild-volumes/2.17.0/apps/switch1pm/esp8266/build_contexts/build_ctx_780968662/deps/homekit-adk/src/PAL" to "/data/fwbuild-volumes/2.17.0/apps/switch1pm/esp8266/build_contexts/build_ctx_780968662/deps/homekit-adk/src/PAL"
mount from "/data/fwbuild-volumes/2.17.0/apps/switch1pm/esp8266/build_contexts/build_ctx_780968662/deps/http-server/src" to "/data/fwbuild-volumes/2.17.0/apps/switch1pm/esp8266/build_contexts/build_ctx_780968662/deps/http-server/src"
mount from "/data/fwbuild-volumes/2.17.0/apps/switch1pm/esp8266/build_contexts/build_ctx_780968662/deps/rpc-common/src" to "/data/fwbuild-volumes/2.17.0/apps/switch1pm/esp8266/build_contexts/build_ctx_780968662/deps/rpc-common/src"
mount from "/data/fwbuild-volumes/2.17.0/apps/switch1pm/esp8266/build_contexts/build_ctx_780968662/deps/rpc-service-config/src" to "/data/fwbuild-volumes/2.17.0/apps/switch1pm/esp8266/build_contexts/build_ctx_780968662/deps/rpc-service-config/src"
mount from "/data/fwbuild-volumes/2.17.0/apps/switch1pm/esp8266/build_contexts/build_ctx_780968662/deps/rpc-service-fs/src" to "/data/fwbuild-volumes/2.17.0/apps/switch1pm/esp8266/build_contexts/build_ctx_780968662/deps/rpc-service-fs/src"
mount from "/data/fwbuild-volumes/2.17.0/apps/switch1pm/esp8266/build_contexts/build_ctx_780968662/deps/rpc-uart/src" to "/data/fwbuild-volumes/2.17.0/apps/switch1pm/esp8266/build_contexts/build_ctx_780968662/deps/rpc-uart/src"
mount from "/data/fwbuild-volumes/2.17.0/apps/switch1pm/esp8266/build_contexts/build_ctx_780968662/deps/rpc-ws/src" to "/data/fwbuild-volumes/2.17.0/apps/switch1pm/esp8266/build_contexts/build_ctx_780968662/deps/rpc-ws/src"
mount from "/data/fwbuild-volumes/2.17.0/apps/switch1pm/esp8266/build_contexts/build_ctx_780968662/deps/wifi/src" to "/data/fwbuild-volumes/2.17.0/apps/switch1pm/esp8266/build_contexts/build_ctx_780968662/deps/wifi/src"
mount from "/data/fwbuild-volumes/2.17.0/apps/switch1pm/esp8266/build_contexts/build_ctx_780968662/deps/wifi/src/esp8266" to "/data/fwbuild-volumes/2.17.0/apps/switch1pm/esp8266/build_contexts/build_ctx_780968662/deps/wifi/src/esp8266"
mount from "/data/fwbuild-volumes/2.17.0/apps/switch1pm/esp8266/build_contexts/build_ctx_780968662/deps/mbedtls/include" to "/data/fwbuild-volumes/2.17.0/apps/switch1pm/esp8266/build_contexts/build_ctx_780968662/deps/mbedtls/include"
mount from "/data/fwbuild-volumes/2.17.0/apps/switch1pm/esp8266/build_contexts/build_ctx_780968662/deps/mbedtls/include/esp8266" to "/data/fwbuild-volumes/2.17.0/apps/switch1pm/esp8266/build_contexts/build_ctx_780968662/deps/mbedtls/include/esp8266"
mount from "/data/fwbuild-volumes/2.17.0/apps/switch1pm/esp8266/build_contexts/build_ctx_780968662/deps/mbedtls/mbedtls/include" to "/data/fwbuild-volumes/2.17.0/apps/switch1pm/esp8266/build_contexts/build_ctx_780968662/deps/mbedtls/mbedtls/include"
mount from "/data/fwbuild-volumes/2.17.0/apps/switch1pm/esp8266/build_contexts/build_ctx_780968662/deps/vfs-common/include" to "/data/fwbuild-volumes/2.17.0/apps/switch1pm/esp8266/build_contexts/build_ctx_780968662/deps/vfs-common/include"
mount from "/data/fwbuild-volumes/2.17.0/apps/switch1pm/esp8266/build_contexts/build_ctx_780968662/deps/vfs-common/include/esp8266" to "/data/fwbuild-volumes/2.17.0/apps/switch1pm/esp8266/build_contexts/build_ctx_780968662/deps/vfs-common/include/esp8266"
mount from "/data/fwbuild-volumes/2.17.0/apps/switch1pm/esp8266/build_contexts/build_ctx_780968662/deps/mongoose/include" to "/data/fwbuild-volumes/2.17.0/apps/switch1pm/esp8266/build_contexts/build_ctx_780968662/deps/mongoose/include"
mount from "/data/fwbuild-volumes/2.17.0/apps/switch1pm/esp8266/build_contexts/build_ctx_780968662/deps/vfs-dev-part/include" to "/data/fwbuild-volumes/2.17.0/apps/switch1pm/esp8266/build_contexts/build_ctx_780968662/deps/vfs-dev-part/include"
mount from "/data/fwbuild-volumes/2.17.0/apps/switch1pm/esp8266/build_contexts/build_ctx_780968662/deps/vfs-fs-lfs/include" to "/data/fwbuild-volumes/2.17.0/apps/switch1pm/esp8266/build_contexts/build_ctx_780968662/deps/vfs-fs-lfs/include"
mount from "/data/fwbuild-volumes/2.17.0/apps/switch1pm/esp8266/build_contexts/build_ctx_780968662/deps/vfs-fs-lfs/littlefs" to "/data/fwbuild-volumes/2.17.0/apps/switch1pm/esp8266/build_contexts/build_ctx_780968662/deps/vfs-fs-lfs/littlefs"
mount from "/data/fwbuild-volumes/2.17.0/apps/switch1pm/esp8266/build_contexts/build_ctx_780968662/deps/vfs-fs-lfs/littlefs1" to "/data/fwbuild-volumes/2.17.0/apps/switch1pm/esp8266/build_contexts/build_ctx_780968662/deps/vfs-fs-lfs/littlefs1"
mount from "/data/fwbuild-volumes/2.17.0/apps/switch1pm/esp8266/build_contexts/build_ctx_780968662/deps/vfs-fs-spiffs/include" to "/data/fwbuild-volumes/2.17.0/apps/switch1pm/esp8266/build_contexts/build_ctx_780968662/deps/vfs-fs-spiffs/include"
mount from "/data/fwbuild-volumes/2.17.0/apps/switch1pm/esp8266/build_contexts/build_ctx_780968662/deps/vfs-fs-spiffs/include/spiffs" to "/data/fwbuild-volumes/2.17.0/apps/switch1pm/esp8266/build_contexts/build_ctx_780968662/deps/vfs-fs-spiffs/include/spiffs"
mount from "/data/fwbuild-volumes/2.17.0/apps/switch1pm/esp8266/build_contexts/build_ctx_780968662/deps/vfs-fs-spiffs/include/esp8266" to "/data/fwbuild-volumes/2.17.0/apps/switch1pm/esp8266/build_contexts/build_ctx_780968662/deps/vfs-fs-spiffs/include/esp8266"
mount from "/data/fwbuild-volumes/2.17.0/apps/switch1pm/esp8266/build_contexts/build_ctx_780968662/deps/core/include" to "/data/fwbuild-volumes/2.17.0/apps/switch1pm/esp8266/build_contexts/build_ctx_780968662/deps/core/include"
mount from "/data/fwbuild-volumes/2.17.0/apps/switch1pm/esp8266/build_contexts/build_ctx_780968662/deps/core/include/esp8266" to "/data/fwbuild-volumes/2.17.0/apps/switch1pm/esp8266/build_contexts/build_ctx_780968662/deps/core/include/esp8266"
mount from "/data/fwbuild-volumes/2.17.0/apps/switch1pm/esp8266/build_contexts/build_ctx_780968662/deps/dns-sd/include" to "/data/fwbuild-volumes/2.17.0/apps/switch1pm/esp8266/build_contexts/build_ctx_780968662/deps/dns-sd/include"
mount from "/data/fwbuild-volumes/2.17.0/apps/switch1pm/esp8266/build_contexts/build_ctx_780968662/deps/homekit-adk/include" to "/data/fwbuild-volumes/2.17.0/apps/switch1pm/esp8266/build_contexts/build_ctx_780968662/deps/homekit-adk/include"
mount from "/data/fwbuild-volumes/2.17.0/apps/switch1pm/esp8266/build_contexts/build_ctx_780968662/deps/homekit-adk/HomeKitADK/HAP" to "/data/fwbuild-volumes/2.17.0/apps/switch1pm/esp8266/build_contexts/build_ctx_780968662/deps/homekit-adk/HomeKitADK/HAP"
mount from "/data/fwbuild-volumes/2.17.0/apps/switch1pm/esp8266/build_contexts/build_ctx_780968662/deps/http-server/include" to "/data/fwbuild-volumes/2.17.0/apps/switch1pm/esp8266/build_contexts/build_ctx_780968662/deps/http-server/include"
mount from "/data/fwbuild-volumes/2.17.0/apps/switch1pm/esp8266/build_contexts/build_ctx_780968662/deps/ota-common/include" to "/data/fwbuild-volumes/2.17.0/apps/switch1pm/esp8266/build_contexts/build_ctx_780968662/deps/ota-common/include"
mount from "/data/fwbuild-volumes/2.17.0/apps/switch1pm/esp8266/build_contexts/build_ctx_780968662/deps/ota-http-client/include" to "/data/fwbuild-volumes/2.17.0/apps/switch1pm/esp8266/build_contexts/build_ctx_780968662/deps/ota-http-client/include"
mount from "/data/fwbuild-volumes/2.17.0/apps/switch1pm/esp8266/build_contexts/build_ctx_780968662/deps/rpc-common/include" to "/data/fwbuild-volumes/2.17.0/apps/switch1pm/esp8266/build_contexts/build_ctx_780968662/deps/rpc-common/include"
mount from "/data/fwbuild-volumes/2.17.0/apps/switch1pm/esp8266/build_contexts/build_ctx_780968662/deps/rpc-service-config/include" to "/data/fwbuild-volumes/2.17.0/apps/switch1pm/esp8266/build_contexts/build_ctx_780968662/deps/rpc-service-config/include"
mount from "/data/fwbuild-volumes/2.17.0/apps/switch1pm/esp8266/build_contexts/build_ctx_780968662/deps/rpc-service-fs/include" to "/data/fwbuild-volumes/2.17.0/apps/switch1pm/esp8266/build_contexts/build_ctx_780968662/deps/rpc-service-fs/include"
mount from "/data/fwbuild-volumes/2.17.0/apps/switch1pm/esp8266/build_contexts/build_ctx_780968662/deps/rpc-service-ota/include" to "/data/fwbuild-volumes/2.17.0/apps/switch1pm/esp8266/build_contexts/build_ctx_780968662/deps/rpc-service-ota/include"
mount from "/data/fwbuild-volumes/2.17.0/apps/switch1pm/esp8266/build_contexts/build_ctx_780968662/deps/rpc-uart/include" to "/data/fwbuild-volumes/2.17.0/apps/switch1pm/esp8266/build_contexts/build_ctx_780968662/deps/rpc-uart/include"
mount from "/data/fwbuild-volumes/2.17.0/apps/switch1pm/esp8266/build_contexts/build_ctx_780968662/deps/rpc-ws/include" to "/data/fwbuild-volumes/2.17.0/apps/switch1pm/esp8266/build_contexts/build_ctx_780968662/deps/rpc-ws/include"
mount from "/data/fwbuild-volumes/2.17.0/apps/switch1pm/esp8266/build_contexts/build_ctx_780968662/deps/wifi/include" to "/data/fwbuild-volumes/2.17.0/apps/switch1pm/esp8266/build_contexts/build_ctx_780968662/deps/wifi/include"
mount from "/data/fwbuild-volumes/2.17.0/apps/switch1pm/esp8266/build_contexts/build_ctx_780968662/fs" to "/data/fwbuild-volumes/2.17.0/apps/switch1pm/esp8266/build_contexts/build_ctx_780968662/fs"
mount from "/data/fwbuild-volumes/2.17.0/apps/switch1pm/esp8266/build_contexts/build_ctx_780968662/build/objs" to "/data/fwbuild-volumes/2.17.0/apps/switch1pm/esp8266/build_contexts/build_ctx_780968662/build/objs"
mount from "/data/fwbuild-volumes/2.17.0/apps/switch1pm/esp8266/build_contexts/build_ctx_780968662/build/objs" to "/data/fwbuild-volumes/2.17.0/apps/switch1pm/esp8266/build_contexts/build_ctx_780968662/build/objs"
mount from "/data/fwbuild-volumes/2.17.0/apps/switch1pm/esp8266/build_contexts/build_ctx_780968662/build/objs" to "/data/fwbuild-volumes/2.17.0/apps/switch1pm/esp8266/build_contexts/build_ctx_780968662/build/objs"
mount from "/data/fwbuild-volumes/2.17.0/apps/switch1pm/esp8266/build_contexts/build_ctx_780968662/build/objs" to "/data/fwbuild-volumes/2.17.0/apps/switch1pm/esp8266/build_contexts/build_ctx_780968662/build/objs"
mount from "/data/fwbuild-volumes/2.17.0/apps/switch1pm/esp8266/build_contexts/build_ctx_780968662/build/objs" to "/data/fwbuild-volumes/2.17.0/apps/switch1pm/esp8266/build_contexts/build_ctx_780968662/build/objs"
mount from "/data/fwbuild-volumes/2.17.0/apps/switch1pm/esp8266/build_contexts/build_ctx_780968662/build/objs" to "/data/fwbuild-volumes/2.17.0/apps/switch1pm/esp8266/build_contexts/build_ctx_780968662/build/objs"
mount from "/data/fwbuild-volumes/2.17.0/apps/switch1pm/esp8266/build_contexts/build_ctx_780968662/build/gen" to "/data/fwbuild-volumes/2.17.0/apps/switch1pm/esp8266/build_contexts/build_ctx_780968662/build/gen"
Docker arguments: run --name mos_build_2020-03-23T13-20-46-00_6108445210569765252 --rm -i -v /data/fwbuild-volumes/2.17.0/apps/switch1pm/esp8266/build_contexts/build_ctx_780968662/deps/vfs-dev-part/src:/data/fwbuild-volumes/2.17.0/apps/switch1pm/esp8266/build_contexts/build_ctx_780968662/deps/vfs-dev-part/src -v /data/fwbuild-volumes/2.17.0/apps/switch1pm/esp8266/build_contexts/build_ctx_780968662/deps/rpc-service-fs/src:/data/fwbuild-volumes/2.17.0/apps/switch1pm/esp8266/build_contexts/build_ctx_780968662/deps/rpc-service-fs/src -v /data/fwbuild-volumes/2.17.0/apps/switch1pm/esp8266/build_contexts/build_ctx_780968662/deps/vfs-common/include/esp8266:/data/fwbuild-volumes/2.17.0/apps/switch1pm/esp8266/build_contexts/build_ctx_780968662/deps/vfs-common/include/esp8266 -v /data/fwbuild-volumes/2.17.0/apps/switch1pm/esp8266/build_contexts/build_ctx_780968662/deps/ota-common/include:/data/fwbuild-volumes/2.17.0/apps/switch1pm/esp8266/build_contexts/build_ctx_780968662/deps/ota-common/include -v /data/fwbuild-volumes/2.17.0/apps/switch1pm/esp8266/build_contexts/build_ctx_780968662/deps/vfs-common/src/esp8266:/data/fwbuild-volumes/2.17.0/apps/switch1pm/esp8266/build_contexts/build_ctx_780968662/deps/vfs-common/src/esp8266 -v /data/fwbuild-volumes/2.17.0/apps/switch1pm/esp8266/build_contexts/build_ctx_780968662/deps/wifi/include:/data/fwbuild-volumes/2.17.0/apps/switch1pm/esp8266/build_contexts/build_ctx_780968662/deps/wifi/include -v /data/fwbuild-volumes/2.17.0/apps/switch1pm/esp8266/build_contexts/build_ctx_780968662/deps/homekit-adk/HomeKitADK/External/JSON:/data/fwbuild-volumes/2.17.0/apps/switch1pm/esp8266/build_contexts/build_ctx_780968662/deps/homekit-adk/HomeKitADK/External/JSON -v /data/fwbuild-volumes/2.17.0/apps/switch1pm/esp8266/build_contexts/build_ctx_780968662/deps/dns-sd/src/mongoose:/data/fwbuild-volumes/2.17.0/apps/switch1pm/esp8266/build_contexts/build_ctx_780968662/deps/dns-sd/src/mongoose -v /data/fwbuild-volumes/2.17.0/apps/switch1pm/esp8266/build_contexts/build_ctx_780968662/deps/wifi/src:/data/fwbuild-volumes/2.17.0/apps/switch1pm/esp8266/build_contexts/build_ctx_780968662/deps/wifi/src -v /data/fwbuild-volumes/2.17.0/apps/switch1pm/esp8266/build_contexts/build_ctx_780968662/deps/vfs-fs-lfs/include:/data/fwbuild-volumes/2.17.0/apps/switch1pm/esp8266/build_contexts/build_ctx_780968662/deps/vfs-fs-lfs/include -v /data/fwbuild-volumes/2.17.0/apps/switch1pm/esp8266/build_contexts/build_ctx_780968662/build/gen:/data/fwbuild-volumes/2.17.0/apps/switch1pm/esp8266/build_contexts/build_ctx_780968662/build/gen -v /data/fwbuild-volumes/2.17.0/apps/switch1pm/esp8266/build_contexts/build_ctx_780968662/deps/mbedtls/include/esp8266:/data/fwbuild-volumes/2.17.0/apps/switch1pm/esp8266/build_contexts/build_ctx_780968662/deps/mbedtls/include/esp8266 -v /data/fwbuild-volumes/2.17.0/apps/switch1pm/esp8266/build_contexts/build_ctx_780968662/deps/vfs-dev-part/include:/data/fwbuild-volumes/2.17.0/apps/switch1pm/esp8266/build_contexts/build_ctx_780968662/deps/vfs-dev-part/include -v /data/fwbuild-volumes/2.17.0/apps/switch1pm/esp8266/build_contexts/build_ctx_780968662/deps/homekit-adk/include:/data/fwbuild-volumes/2.17.0/apps/switch1pm/esp8266/build_contexts/build_ctx_780968662/deps/homekit-adk/include -v /data/fwbuild-volumes/2.17.0/apps/switch1pm/esp8266/build_contexts/build_ctx_780968662/deps/rpc-ws/include:/data/fwbuild-volumes/2.17.0/apps/switch1pm/esp8266/build_contexts/build_ctx_780968662/deps/rpc-ws/include -v /data/fwbuild-volumes/2.17.0/apps/switch1pm/esp8266/build_contexts/build_ctx_780968662/deps/wifi/src/esp8266:/data/fwbuild-volumes/2.17.0/apps/switch1pm/esp8266/build_contexts/build_ctx_780968662/deps/wifi/src/esp8266 -v /data/fwbuild-volumes/2.17.0/apps/switch1pm/esp8266/build_contexts/build_ctx_780968662/deps/rpc-ws/src:/data/fwbuild-volumes/2.17.0/apps/switch1pm/esp8266/build_contexts/build_ctx_780968662/deps/rpc-ws/src -v /data/fwbuild-volumes/2.17.0/apps/switch1pm/esp8266/build_contexts/build_ctx_780968662/deps/ota-http-client/include:/data/fwbuild-volumes/2.17.0/apps/switch1pm/esp8266/build_contexts/build_ctx_780968662/deps/ota-http-client/include -v /data/fwbuild-volumes/2.17.0/apps/switch1pm/esp8266/build_contexts/build_ctx_780968662/build/objs:/data/fwbuild-volumes/2.17.0/apps/switch1pm/esp8266/build_contexts/build_ctx_780968662/build/objs -v /data/fwbuild-volumes/2.17.0/apps/switch1pm/esp8266/build_contexts/build_ctx_780968662/deps/vfs-fs-spiffs/src:/data/fwbuild-volumes/2.17.0/apps/switch1pm/esp8266/build_contexts/build_ctx_780968662/deps/vfs-fs-spiffs/src -v /data/fwbuild-volumes/2.17.0/apps/switch1pm/esp8266/build_contexts/build_ctx_780968662/deps/http-server/src:/data/fwbuild-volumes/2.17.0/apps/switch1pm/esp8266/build_contexts/build_ctx_780968662/deps/http-server/src -v /data/fwbuild-volumes/2.17.0/apps/switch1pm/esp8266/build_contexts/build_ctx_780968662/deps/mbedtls/mbedtls/include:/data/fwbuild-volumes/2.17.0/apps/switch1pm/esp8266/build_contexts/build_ctx_780968662/deps/mbedtls/mbedtls/include -v /data/fwbuild-volumes/2.17.0/apps/switch1pm/esp8266/build_contexts/build_ctx_780968662/deps/dns-sd/include:/data/fwbuild-volumes/2.17.0/apps/switch1pm/esp8266/build_contexts/build_ctx_780968662/deps/dns-sd/include -v /data/fwbuild-volumes/2.17.0/apps/switch1pm/esp8266/build_contexts/build_ctx_780968662/deps/http-server/include:/data/fwbuild-volumes/2.17.0/apps/switch1pm/esp8266/build_contexts/build_ctx_780968662/deps/http-server/include -v /data/fwbuild-volumes/2.17.0/apps/switch1pm/esp8266/build_contexts/build_ctx_780968662/deps/rpc-service-ota/include:/data/fwbuild-volumes/2.17.0/apps/switch1pm/esp8266/build_contexts/build_ctx_780968662/deps/rpc-service-ota/include -v /data/fwbuild-volumes/2.17.0/apps/switch1pm/esp8266/build_contexts/build_ctx_780968662/deps/homekit-adk/src:/data/fwbuild-volumes/2.17.0/apps/switch1pm/esp8266/build_contexts/build_ctx_780968662/deps/homekit-adk/src -v /data/fwbuild-volumes/2.17.0/apps/switch1pm/esp8266/build_contexts/build_ctx_780968662/deps/homekit-adk/HomeKitADK/PAL:/data/fwbuild-volumes/2.17.0/apps/switch1pm/esp8266/build_contexts/build_ctx_780968662/deps/homekit-adk/HomeKitADK/PAL -v /data/fwbuild-volumes/2.17.0/apps/switch1pm/esp8266/build_contexts/build_ctx_780968662/deps/core/include/esp8266:/data/fwbuild-volumes/2.17.0/apps/switch1pm/esp8266/build_contexts/build_ctx_780968662/deps/core/include/esp8266 -v /data/fwbuild-volumes/2.17.0/apps/switch1pm/esp8266/build_contexts/build_ctx_780968662/deps/rpc-service-config/include:/data/fwbuild-volumes/2.17.0/apps/switch1pm/esp8266/build_contexts/build_ctx_780968662/deps/rpc-service-config/include -v /data/fwbuild-volumes/2.17.0/apps/switch1pm/esp8266/build_contexts/build_ctx_780968662/fs:/data/fwbuild-volumes/2.17.0/apps/switch1pm/esp8266/build_contexts/build_ctx_780968662/fs -v /data/fwbuild-volumes/2.17.0/apps/switch1pm/esp8266/build_contexts/build_ctx_780968662/deps/vfs-fs-lfs/littlefs1:/data/fwbuild-volumes/2.17.0/apps/switch1pm/esp8266/build_contexts/build_ctx_780968662/deps/vfs-fs-lfs/littlefs1 -v /data/fwbuild-volumes/2.17.0/apps/switch1pm/esp8266/build_contexts/build_ctx_780968662/deps/homekit-adk/HomeKitADK/External/Base64:/data/fwbuild-volumes/2.17.0/apps/switch1pm/esp8266/build_contexts/build_ctx_780968662/deps/homekit-adk/HomeKitADK/External/Base64 -v /data/fwbuild-volumes/2.17.0/apps/switch1pm/esp8266/build_contexts/build_ctx_780968662/deps/mongoose/include:/data/fwbuild-volumes/2.17.0/apps/switch1pm/esp8266/build_contexts/build_ctx_780968662/deps/mongoose/include -v /data/fwbuild-volumes/2.17.0/apps/switch1pm/esp8266/build_contexts/build_ctx_780968662/deps/vfs-fs-spiffs/include/spiffs:/data/fwbuild-volumes/2.17.0/apps/switch1pm/esp8266/build_contexts/build_ctx_780968662/deps/vfs-fs-spiffs/include/spiffs -v /data/fwbuild-volumes/2.17.0/apps/switch1pm/esp8266/build_contexts/build_ctx_780968662/deps/modules/mongoose-os:/data/fwbuild-volumes/2.17.0/apps/switch1pm/esp8266/build_contexts/build_ctx_780968662/deps/modules/mongoose-os -v /data/fwbuild-volumes/2.17.0/apps/switch1pm/esp8266/build_contexts/build_ctx_780968662/build:/data/fwbuild-volumes/2.17.0/apps/switch1pm/esp8266/build_contexts/build_ctx_780968662/build -v /data/fwbuild-volumes/2.17.0/apps/switch1pm/esp8266/build_contexts/build_ctx_780968662/deps/vfs-common/src:/data/fwbuild-volumes/2.17.0/apps/switch1pm/esp8266/build_contexts/build_ctx_780968662/deps/vfs-common/src -v /data/fwbuild-volumes/2.17.0/apps/switch1pm/esp8266/build_contexts/build_ctx_780968662/deps/core/src/esp8266:/data/fwbuild-volumes/2.17.0/apps/switch1pm/esp8266/build_contexts/build_ctx_780968662/deps/core/src/esp8266 -v /data/fwbuild-volumes/2.17.0/apps/switch1pm/esp8266/build_contexts/build_ctx_780968662/deps/rpc-common/src:/data/fwbuild-volumes/2.17.0/apps/switch1pm/esp8266/build_contexts/build_ctx_780968662/deps/rpc-common/src -v /data/fwbuild-volumes/2.17.0/apps/switch1pm/esp8266/build_contexts/build_ctx_780968662/deps/rpc-service-config/src:/data/fwbuild-volumes/2.17.0/apps/switch1pm/esp8266/build_contexts/build_ctx_780968662/deps/rpc-service-config/src -v /data/fwbuild-volumes/2.17.0/apps/switch1pm/esp8266/build_contexts/build_ctx_780968662/deps/modules/mongoose-os:/mongoose-os -v /data/fwbuild-volumes/2.17.0/apps/switch1pm/esp8266/build_contexts/build_ctx_780968662/deps/vfs-fs-spiffs/src/spiffs:/data/fwbuild-volumes/2.17.0/apps/switch1pm/esp8266/build_contexts/build_ctx_780968662/deps/vfs-fs-spiffs/src/spiffs -v /data/fwbuild-volumes/2.17.0/apps/switch1pm/esp8266/build_contexts/build_ctx_780968662/deps/rpc-uart/include:/data/fwbuild-volumes/2.17.0/apps/switch1pm/esp8266/build_contexts/build_ctx_780968662/deps/rpc-uart/include -v /data/fwbuild-volumes/2.17.0/apps/switch1pm/esp8266/build_contexts/build_ctx_780968662:/app -v /data/fwbuild-volumes/2.17.0/apps/switch1pm/esp8266/build_contexts/build_ctx_780968662/deps/rpc-uart/src:/data/fwbuild-volumes/2.17.0/apps/switch1pm/esp8266/build_contexts/build_ctx_780968662/deps/rpc-uart/src -v /data/fwbuild-volumes/2.17.0/apps/switch1pm/esp8266/build_contexts/build_ctx_780968662/deps/homekit-adk/HomeKitADK/External/HTTP:/data/fwbuild-volumes/2.17.0/apps/switch1pm/esp8266/build_contexts/build_ctx_780968662/deps/homekit-adk/HomeKitADK/External/HTTP -v /data/fwbuild-volumes/2.17.0/apps/switch1pm/esp8266/build_contexts/build_ctx_780968662/deps/dns-sd/src/lwip:/data/fwbuild-volumes/2.17.0/apps/switch1pm/esp8266/build_contexts/build_ctx_780968662/deps/dns-sd/src/lwip -v /data/fwbuild-volumes/2.17.0/apps/switch1pm/esp8266/build_contexts/build_ctx_780968662/deps/homekit-adk/HomeKitADK/HAP:/data/fwbuild-volumes/2.17.0/apps/switch1pm/esp8266/build_contexts/build_ctx_780968662/deps/homekit-adk/HomeKitADK/HAP -v /data/fwbuild-volumes/2.17.0/apps/switch1pm/esp8266/build_contexts/build_ctx_780968662/deps/core/include:/data/fwbuild-volumes/2.17.0/apps/switch1pm/esp8266/build_contexts/build_ctx_780968662/deps/core/include -v /data/fwbuild-volumes/2.17.0/apps/switch1pm/esp8266/build_contexts/build_ctx_780968662/src:/data/fwbuild-volumes/2.17.0/apps/switch1pm/esp8266/build_contexts/build_ctx_780968662/src -v /data/fwbuild-volumes/2.17.0/apps/switch1pm/esp8266/build_contexts/build_ctx_780968662/deps/core/src:/data/fwbuild-volumes/2.17.0/apps/switch1pm/esp8266/build_contexts/build_ctx_780968662/deps/core/src -v /data/fwbuild-volumes/2.17.0/apps/switch1pm/esp8266/build_contexts/build_ctx_780968662/deps/mbedtls/include:/data/fwbuild-volumes/2.17.0/apps/switch1pm/esp8266/build_contexts/build_ctx_780968662/deps/mbedtls/include -v /data/fwbuild-volumes/2.17.0/apps/switch1pm/esp8266/build_contexts/build_ctx_780968662/deps/rpc-common/include:/data/fwbuild-volumes/2.17.0/apps/switch1pm/esp8266/build_contexts/build_ctx_780968662/deps/rpc-common/include -v /data/fwbuild-volumes/2.17.0/apps/switch1pm/esp8266/build_contexts/build_ctx_780968662/deps/vfs-fs-lfs/littlefs:/data/fwbuild-volumes/2.17.0/apps/switch1pm/esp8266/build_contexts/build_ctx_780968662/deps/vfs-fs-lfs/littlefs -v /data/fwbuild-volumes/2.17.0/apps/switch1pm/esp8266/build_contexts/build_ctx_780968662/deps/vfs-fs-spiffs/include:/data/fwbuild-volumes/2.17.0/apps/switch1pm/esp8266/build_contexts/build_ctx_780968662/deps/vfs-fs-spiffs/include -v /data/fwbuild-volumes/2.17.0/apps/switch1pm/esp8266/build_contexts/build_ctx_780968662/deps/vfs-fs-spiffs/include/esp8266:/data/fwbuild-volumes/2.17.0/apps/switch1pm/esp8266/build_contexts/build_ctx_780968662/deps/vfs-fs-spiffs/include/esp8266 -v /data/fwbuild-volumes/2.17.0/apps/switch1pm/esp8266/build_contexts/build_ctx_780968662/deps/rpc-service-fs/include:/data/fwbuild-volumes/2.17.0/apps/switch1pm/esp8266/build_contexts/build_ctx_780968662/deps/rpc-service-fs/include -v /data/fwbuild-volumes/2.17.0/apps/switch1pm/esp8266/build_contexts/build_ctx_780968662/deps/vfs-common/include:/data/fwbuild-volumes/2.17.0/apps/switch1pm/esp8266/build_contexts/build_ctx_780968662/deps/vfs-common/include -v /data/fwbuild-volumes/2.17.0/apps/switch1pm/esp8266/build_contexts/build_ctx_780968662/deps/homekit-adk/HomeKitADK/PAL/Crypto/MbedTLS:/data/fwbuild-volumes/2.17.0/apps/switch1pm/esp8266/build_contexts/build_ctx_780968662/deps/homekit-adk/HomeKitADK/PAL/Crypto/MbedTLS -v /data/fwbuild-volumes/2.17.0/apps/switch1pm/esp8266/build_contexts/build_ctx_780968662/deps/homekit-adk/src/PAL:/data/fwbuild-volumes/2.17.0/apps/switch1pm/esp8266/build_contexts/build_ctx_780968662/deps/homekit-adk/src/PAL -v /data/fwbuild-volumes/2.17.0/apps/switch1pm/esp8266/build_contexts/build_ctx_780968662/deps/vfs-fs-lfs/src:/data/fwbuild-volumes/2.17.0/apps/switch1pm/esp8266/build_contexts/build_ctx_780968662/deps/vfs-fs-lfs/src --user 0:0 docker.io/mgos/esp8266-build:2.2.1-1.5.0-r5 /bin/bash -c nice make '-j' '8' '-C' '/app' '-f' '/data/fwbuild-volumes/2.17.0/apps/switch1pm/esp8266/build_contexts/build_ctx_780968662/deps/modules/mongoose-os/platforms/esp8266/Makefile.build' 'all' 'MGOS_VARS_FILE=/data/fwbuild-volumes/2.17.0/apps/switch1pm/esp8266/build_contexts/build_ctx_780968662/build/gen/vars.mk'
make: Entering directory '/app'
  GEN   /data/fwbuild-volumes/2.17.0/apps/switch1pm/esp8266/build_contexts/build_ctx_780968662/build/gen/ffi_exports.c
  CP    /data/fwbuild-volumes/2.17.0/apps/switch1pm/esp8266/build_contexts/build_ctx_780968662/build/gen/conf0.json -> /data/fwbuild-volumes/2.17.0/apps/switch1pm/esp8266/build_contexts/build_ctx_780968662/build/objs/fs
  CP    /data/fwbuild-volumes/2.17.0/apps/switch1pm/esp8266/build_contexts/build_ctx_780968662/fs/axios.min.js.gz -> /data/fwbuild-volumes/2.17.0/apps/switch1pm/esp8266/build_contexts/build_ctx_780968662/build/objs/fs
  CP    /data/fwbuild-volumes/2.17.0/apps/switch1pm/esp8266/build_contexts/build_ctx_780968662/fs/index.html -> /data/fwbuild-volumes/2.17.0/apps/switch1pm/esp8266/build_contexts/build_ctx_780968662/build/objs/fs
  MKFS  /usr/local/bin/mkspiffs8 262144 {bs:4096,ps:256,es:4096} /data/fwbuild-volumes/2.17.0/apps/switch1pm/esp8266/build_contexts/build_ctx_780968662/build/objs/fs -> /data/fwbuild-volumes/2.17.0/apps/switch1pm/esp8266/build_contexts/build_ctx_780968662/build/objs/fw_temp/fs.bin
     FS params: size=262144, bs=4096, ps=256, es=4096
       Adding axios.min.js.gz: 4765
       Adding index.html: 15019
       Adding conf0.json: 3
     FS stats : space total=233681, used=20833, free=212848
  CC    /data/fwbuild-volumes/2.17.0/apps/switch1pm/esp8266/build_contexts/build_ctx_780968662/build/gen/ffi_exports.c
  LD    /data/fwbuild-volumes/2.17.0/apps/switch1pm/esp8266/build_contexts/build_ctx_780968662/build/objs/switch1pm.elf
  FW    /data/fwbuild-volumes/2.17.0/apps/switch1pm/esp8266/build_contexts/build_ctx_780968662/build/objs/switch1pm.elf -> /data/fwbuild-volumes/2.17.0/apps/switch1pm/esp8266/build_contexts/build_ctx_780968662/build/objs/switch1pm.bin
  GEN    /data/fwbuild-volumes/2.17.0/apps/switch1pm/esp8266/build_contexts/build_ctx_780968662/build/objs/fw_temp/manifest.json
  ZIP    /data/fwbuild-volumes/2.17.0/apps/switch1pm/esp8266/build_contexts/build_ctx_780968662/build/fw/switch1pm-esp8266-last.zip
     Adding /data/fwbuild-volumes/2.17.0/apps/switch1pm/esp8266/build_contexts/build_ctx_780968662/build/objs/fw_temp/esp_init_data_default_v08.bin
     Adding /data/fwbuild-volumes/2.17.0/apps/switch1pm/esp8266/build_contexts/build_ctx_780968662/build/objs/fw_temp/fs.bin
     Adding /data/fwbuild-volumes/2.17.0/apps/switch1pm/esp8266/build_contexts/build_ctx_780968662/build/objs/fw_temp/rboot.bin
     Adding /data/fwbuild-volumes/2.17.0/apps/switch1pm/esp8266/build_contexts/build_ctx_780968662/build/objs/fw_temp/switch1pm.bin
  Built switch1pm/esp8266 version 1.4.0 (20200323-103501)
make: Leaving directory '/app'
Success, built switch1pm/esp8266 version 1.4.0 (20200323-103501).
Firmware saved to /data/fwbuild-volumes/2.17.0/apps/switch1pm/esp8266/build_contexts/build_ctx_780968662/build/fw.zip
